2023/11/23 02:54:52 [notice] 1#1: using the "epoll" event method
2023/11/23 02:54:52 [notice] 1#1: nginx/1.25.3
2023/11/23 02:54:52 [notice] 1#1: built by gcc 12.2.1 20220924 (Alpine 12.2.1_git20220924-r10) 
2023/11/23 02:54:52 [notice] 1#1: OS: Linux 5.10.102.1-microsoft-standard-WSL2
2023/11/23 02:54:52 [notice] 1#1: getrlimit(RLIMIT_NOFILE): 1048576:1048576
2023/11/23 02:54:52 [notice] 1#1: start worker processes
2023/11/23 02:54:52 [notice] 1#1: start worker process 29
2023/11/23 02:54:52 [notice] 1#1: start worker process 30
2023/11/23 02:54:52 [notice] 1#1: start worker process 31
2023/11/23 02:54:52 [notice] 1#1: start worker process 32
2023/11/23 02:55:23 [error] 29#29: *1 directory index of "/var/www/html/" is forbidden, client: 172.18.0.1, server: _, request: "GET / HTTP/1.1", host: "localhost"
2023/11/23 02:55:24 [error] 29#29: *1 directory index of "/var/www/html/" is forbidden, client: 172.18.0.1, server: _, request: "GET / HTTP/1.1", host: "localhost"
2023/11/23 03:17:36 [notice] 1#1: signal 3 (SIGQUIT) received, shutting down
2023/11/23 03:17:36 [notice] 29#29: gracefully shutting down
2023/11/23 03:17:36 [notice] 30#30: gracefully shutting down
2023/11/23 03:17:36 [notice] 32#32: gracefully shutting down
2023/11/23 03:17:36 [notice] 32#32: exiting
2023/11/23 03:17:36 [notice] 31#31: gracefully shutting down
2023/11/23 03:17:36 [notice] 29#29: exiting
2023/11/23 03:17:36 [notice] 30#30: exiting
2023/11/23 03:17:36 [notice] 32#32: exit
2023/11/23 03:17:36 [notice] 31#31: exiting
2023/11/23 03:17:36 [notice] 29#29: exit
2023/11/23 03:17:36 [notice] 30#30: exit
2023/11/23 03:17:36 [notice] 31#31: exit
2023/11/23 03:17:36 [notice] 1#1: signal 17 (SIGCHLD) received from 30
2023/11/23 03:17:36 [notice] 1#1: worker process 30 exited with code 0
2023/11/23 03:17:36 [notice] 1#1: worker process 32 exited with code 0
2023/11/23 03:17:36 [notice] 1#1: signal 29 (SIGIO) received
2023/11/23 03:17:36 [notice] 1#1: signal 17 (SIGCHLD) received from 29
2023/11/23 03:17:36 [notice] 1#1: worker process 29 exited with code 0
2023/11/23 03:17:36 [notice] 1#1: signal 29 (SIGIO) received
2023/11/23 03:17:36 [notice] 1#1: signal 17 (SIGCHLD) received from 31
2023/11/23 03:17:36 [notice] 1#1: worker process 31 exited with code 0
2023/11/23 03:17:36 [notice] 1#1: exit
2023/11/23 03:17:40 [notice] 1#1: using the "epoll" event method
2023/11/23 03:17:40 [notice] 1#1: nginx/1.25.3
2023/11/23 03:17:40 [notice] 1#1: built by gcc 12.2.1 20220924 (Alpine 12.2.1_git20220924-r10) 
2023/11/23 03:17:40 [notice] 1#1: OS: Linux 5.10.102.1-microsoft-standard-WSL2
2023/11/23 03:17:40 [notice] 1#1: getrlimit(RLIMIT_NOFILE): 1048576:1048576
2023/11/23 03:17:40 [notice] 1#1: start worker processes
2023/11/23 03:17:40 [notice] 1#1: start worker process 28
2023/11/23 03:17:40 [notice] 1#1: start worker process 29
2023/11/23 03:17:40 [notice] 1#1: start worker process 30
2023/11/23 03:17:40 [notice] 1#1: start worker process 31
2023/11/23 03:17:55 [error] 28#28: *1 directory index of "/var/www/html/" is forbidden, client: 172.18.0.1, server: _, request: "GET / HTTP/1.1", host: "localhost"
2023/11/23 03:17:56 [error] 28#28: *1 directory index of "/var/www/html/" is forbidden, client: 172.18.0.1, server: _, request: "GET / HTTP/1.1", host: "localhost"
2023/11/23 03:22:15 [error] 30#30: *3 directory index of "/var/www/html/" is forbidden, client: 172.18.0.1, server: _, request: "GET / HTTP/1.1", host: "localhost"
2023/11/23 03:22:17 [error] 30#30: *3 directory index of "/var/www/html/" is forbidden, client: 172.18.0.1, server: _, request: "GET / HTTP/1.1", host: "localhost"
2023/11/23 03:24:26 [notice] 1#1: signal 3 (SIGQUIT) received, shutting down
2023/11/23 03:24:26 [notice] 28#28: gracefully shutting down
2023/11/23 03:24:26 [notice] 29#29: gracefully shutting down
2023/11/23 03:24:26 [notice] 30#30: gracefully shutting down
2023/11/23 03:24:26 [notice] 31#31: gracefully shutting down
2023/11/23 03:24:26 [notice] 28#28: exiting
2023/11/23 03:24:26 [notice] 29#29: exiting
2023/11/23 03:24:26 [notice] 30#30: exiting
2023/11/23 03:24:26 [notice] 31#31: exiting
2023/11/23 03:24:26 [notice] 28#28: exit
2023/11/23 03:24:26 [notice] 31#31: exit
2023/11/23 03:24:26 [notice] 29#29: exit
2023/11/23 03:24:26 [notice] 30#30: exit
2023/11/23 03:24:26 [notice] 1#1: signal 17 (SIGCHLD) received from 31
2023/11/23 03:24:26 [notice] 1#1: worker process 28 exited with code 0
2023/11/23 03:24:26 [notice] 1#1: worker process 30 exited with code 0
2023/11/23 03:24:26 [notice] 1#1: worker process 31 exited with code 0
2023/11/23 03:24:26 [notice] 1#1: signal 29 (SIGIO) received
2023/11/23 03:24:26 [notice] 1#1: signal 17 (SIGCHLD) received from 29
2023/11/23 03:24:26 [notice] 1#1: worker process 29 exited with code 0
2023/11/23 03:24:26 [notice] 1#1: exit
2023/11/23 03:39:42 [notice] 1#1: using the "epoll" event method
2023/11/23 03:39:42 [notice] 1#1: nginx/1.25.3
2023/11/23 03:39:42 [notice] 1#1: built by gcc 12.2.1 20220924 (Alpine 12.2.1_git20220924-r10) 
2023/11/23 03:39:42 [notice] 1#1: OS: Linux 5.10.102.1-microsoft-standard-WSL2
2023/11/23 03:39:42 [notice] 1#1: getrlimit(RLIMIT_NOFILE): 1048576:1048576
2023/11/23 03:39:42 [notice] 1#1: start worker processes
2023/11/23 03:39:42 [notice] 1#1: start worker process 29
2023/11/23 03:39:42 [notice] 1#1: start worker process 30
2023/11/23 03:39:42 [notice] 1#1: start worker process 31
2023/11/23 03:39:42 [notice] 1#1: start worker process 32
2023/11/23 17:17:04 [notice] 1#1: using the "epoll" event method
2023/11/23 17:17:04 [notice] 1#1: nginx/1.25.3
2023/11/23 17:17:04 [notice] 1#1: built by gcc 12.2.1 20220924 (Alpine 12.2.1_git20220924-r10) 
2023/11/23 17:17:04 [notice] 1#1: OS: Linux 5.10.102.1-microsoft-standard-WSL2
2023/11/23 17:17:04 [notice] 1#1: getrlimit(RLIMIT_NOFILE): 1048576:1048576
2023/11/23 17:17:04 [notice] 1#1: start worker processes
2023/11/23 17:17:04 [notice] 1#1: start worker process 28
2023/11/23 17:17:04 [notice] 1#1: start worker process 29
2023/11/23 17:17:04 [notice] 1#1: start worker process 30
2023/11/23 17:17:04 [notice] 1#1: start worker process 31
2023/11/23 18:16:46 [error] 30#30: *124 upstream timed out (110: Operation timed out) while reading response header from upstream, client: 172.19.0.1, server: , request: "POST /email/resend HTTP/1.1", upstream: "fastcgi://172.19.0.4:9000", host: "localhost", referrer: "http://localhost/email/verify"
2023/11/24 15:32:40 [notice] 1#1: signal 3 (SIGQUIT) received, shutting down
2023/11/24 15:32:40 [notice] 30#30: gracefully shutting down
2023/11/24 15:32:40 [notice] 29#29: gracefully shutting down
2023/11/24 15:32:40 [notice] 29#29: exiting
2023/11/24 15:32:40 [notice] 31#31: gracefully shutting down
2023/11/24 15:32:40 [notice] 31#31: exiting
2023/11/24 15:32:40 [notice] 28#28: gracefully shutting down
2023/11/24 15:32:40 [notice] 30#30: exiting
2023/11/24 15:32:40 [notice] 29#29: exit
2023/11/24 15:32:40 [notice] 30#30: exit
2023/11/24 15:32:40 [notice] 31#31: exit
2023/11/24 15:32:40 [notice] 28#28: exiting
2023/11/24 15:32:40 [notice] 28#28: exit
2023/11/24 15:32:40 [notice] 1#1: signal 17 (SIGCHLD) received from 31
2023/11/24 15:32:40 [notice] 1#1: worker process 28 exited with code 0
2023/11/24 15:32:40 [notice] 1#1: worker process 29 exited with code 0
2023/11/24 15:32:40 [notice] 1#1: worker process 30 exited with code 0
2023/11/24 15:32:40 [notice] 1#1: worker process 31 exited with code 0
2023/11/24 15:32:40 [notice] 1#1: exit
2023/11/25 00:13:26 [notice] 1#1: using the "epoll" event method
2023/11/25 00:13:26 [notice] 1#1: nginx/1.25.3
2023/11/25 00:13:26 [notice] 1#1: built by gcc 12.2.1 20220924 (Alpine 12.2.1_git20220924-r10) 
2023/11/25 00:13:26 [notice] 1#1: OS: Linux 5.10.102.1-microsoft-standard-WSL2
2023/11/25 00:13:26 [notice] 1#1: getrlimit(RLIMIT_NOFILE): 1048576:1048576
2023/11/25 00:13:26 [notice] 1#1: start worker processes
2023/11/25 00:13:26 [notice] 1#1: start worker process 30
2023/11/25 00:13:26 [notice] 1#1: start worker process 31
2023/11/25 00:13:26 [notice] 1#1: start worker process 32
2023/11/25 00:13:26 [notice] 1#1: start worker process 33
2023/11/25 00:28:35 [warn] 30#30: *36 a client request body is buffered to a temporary file /var/cache/nginx/client_temp/0000000001, client: 172.19.0.1, server: , request: "POST /profile/create HTTP/1.1", host: "localhost", referrer: "http://localhost/profile/complete"
